This is pdfTeX, Version 3.1415926-2.5-1.40.14 (MiKTeX 2.9 64-bit) (preloaded format=pdflatex 2015.5.17)  23 MAY 2017 03:28
entering extended mode
**main.tex
("D:\Study\5 РєСѓСЂСЃ\COURS_DIPL\TeX\main.tex"
LaTeX2e <2011/06/27>
Babel <v3.8m> and hyphenation patterns for english, afrikaans, ancientgreek, ar
abic, armenian, assamese, basque, bengali, bokmal, bulgarian, catalan, coptic, 
croatian, czech, danish, dutch, esperanto, estonian, farsi, finnish, french, ga
lician, german, german-x-2013-05-26, greek, gujarati, hindi, hungarian, iceland
ic, indonesian, interlingua, irish, italian, kannada, kurmanji, latin, latvian,
 lithuanian, malayalam, marathi, mongolian, mongolianlmc, monogreek, ngerman, n
german-x-2013-05-26, nynorsk, oriya, panjabi, pinyin, polish, portuguese, roman
ian, russian, sanskrit, serbian, slovak, slovenian, spanish, swedish, swissgerm
an, tamil, telugu, turkish, turkmen, ukenglish, ukrainian, uppersorbian, usengl
ishmax, welsh, loaded.
("D:\Study\5 РєСѓСЂСЃ\COURS_DIPL\TeX\Preamble.tex"
("C:\Program Files\MiKTeX 2.9\tex\latex\base\report.cls"
Document Class: report 2007/10/19 v1.4h Standard LaTeX document class
("C:\Program Files\MiKTeX 2.9\tex\latex\base\size12.clo"
File: size12.clo 2007/10/19 v1.4h Standard LaTeX file (size option)
)
\c@part=\count79
\c@chapter=\count80
\c@section=\count81
\c@subsection=\count82
\c@subsubsection=\count83
\c@paragraph=\count84
\c@subparagraph=\count85
\c@figure=\count86
\c@table=\count87
\abovecaptionskip=\skip41
\belowcaptionskip=\skip42
\bibindent=\dimen102
)
("C:\Program Files\MiKTeX 2.9\tex\generic\babel\babel.sty"
Package: babel 2008/07/08 v3.8m The Babel package

*************************************
* Local config file bblopts.cfg used
*
("C:\Program Files\MiKTeX 2.9\tex\latex\00miktex\bblopts.cfg"
File: bblopts.cfg 2006/07/31 v1.0 MiKTeX 'babel' configuration
)
("C:\Program Files\MiKTeX 2.9\tex\generic\babel\russianb.ldf"
Language: russianb 2008/03/21 v1.1r Russian support from the babel system

("C:\Program Files\MiKTeX 2.9\tex\generic\babel\babel.def"
File: babel.def 2008/07/08 v3.8m Babel common definitions
\babel@savecnt=\count88
\U@D=\dimen103
)
("C:\Program Files\MiKTeX 2.9\tex\latex\cyrillic\t2aenc.def"
File: t2aenc.def 2005/09/27 v1.0i Cyrillic encoding definition file
)

Package babel Warning: No input encoding specified for Russian language on inpu
t line 136.

Package babel Info: Making " an active character on input line 199.
)) ("C:\Program Files\MiKTeX 2.9\tex\latex\graphics\color.sty"
Package: color 2005/11/14 v1.0j Standard LaTeX Color (DPC)

("C:\Program Files\MiKTeX 2.9\tex\latex\00miktex\color.cfg"
File: color.cfg 2007/01/18 v1.5 color configuration of teTeX/TeXLive
)
Package color Info: Driver file: pdftex.def on input line 130.

("C:\Program Files\MiKTeX 2.9\tex\latex\pdftex-def\pdftex.def"
File: pdftex.def 2011/05/27 v0.06d Graphics/color for pdfTeX

("C:\Program Files\MiKTeX 2.9\tex\generic\oberdiek\infwarerr.sty"
Package: infwarerr 2010/04/08 v1.3 Providing info/warning/error messages (HO)
)
("C:\Program Files\MiKTeX 2.9\tex\generic\oberdiek\ltxcmds.sty"
Package: ltxcmds 2011/11/09 v1.22 LaTeX kernel commands for general use (HO)
)
\Gread@gobject=\count89
))
("C:\Program Files\MiKTeX 2.9\tex\latex\listings\listings.sty"
("C:\Program Files\MiKTeX 2.9\tex\latex\graphics\keyval.sty"
Package: keyval 1999/03/16 v1.13 key=value parser (DPC)
\KV@toks@=\toks14
)
\lst@mode=\count90
\lst@gtempboxa=\box26
\lst@token=\toks15
\lst@length=\count91
\lst@currlwidth=\dimen104
\lst@column=\count92
\lst@pos=\count93
\lst@lostspace=\dimen105
\lst@width=\dimen106
\lst@newlines=\count94
\lst@lineno=\count95
\lst@maxwidth=\dimen107

("C:\Program Files\MiKTeX 2.9\tex\latex\listings\lstmisc.sty"
File: lstmisc.sty 2015/06/04 1.6 (Carsten Heinz)
\c@lstnumber=\count96
\lst@skipnumbers=\count97
\lst@framebox=\box27
)
("C:\Program Files\MiKTeX 2.9\tex\latex\listings\listings.cfg"
File: listings.cfg 2015/06/04 1.6 listings configuration
))
Package: listings 2015/06/04 1.6 (Carsten Heinz)

("C:\Program Files\MiKTeX 2.9\tex\latex\amsfonts\amssymb.sty"
Package: amssymb 2013/01/14 v3.01 AMS font symbols

("C:\Program Files\MiKTeX 2.9\tex\latex\amsfonts\amsfonts.sty"
Package: amsfonts 2013/01/14 v3.01 Basic AMSFonts support
\@emptytoks=\toks16
\symAMSa=\mathgroup4
\symAMSb=\mathgroup5
LaTeX Font Info:    Overwriting math alphabet `\mathfrak' in version `bold'
(Font)                  U/euf/m/n --> U/euf/b/n on input line 106.
))
("C:\Program Files\MiKTeX 2.9\tex\latex\amscls\amsthm.sty"
Package: amsthm 2004/08/06 v2.20
\thm@style=\toks17
\thm@bodyfont=\toks18
\thm@headfont=\toks19
\thm@notefont=\toks20
\thm@headpunct=\toks21
\thm@preskip=\skip43
\thm@postskip=\skip44
\thm@headsep=\skip45
\dth@everypar=\toks22
)
("C:\Program Files\MiKTeX 2.9\tex\latex\amsmath\amsmath.sty"
Package: amsmath 2013/01/14 v2.14 AMS math features
\@mathmargin=\skip46

For additional information on amsmath, use the `?' option.
("C:\Program Files\MiKTeX 2.9\tex\latex\amsmath\amstext.sty"
Package: amstext 2000/06/29 v2.01

("C:\Program Files\MiKTeX 2.9\tex\latex\amsmath\amsgen.sty"
File: amsgen.sty 1999/11/30 v2.0
\@emptytoks=\toks23
\ex@=\dimen108
))
("C:\Program Files\MiKTeX 2.9\tex\latex\amsmath\amsbsy.sty"
Package: amsbsy 1999/11/29 v1.2d
\pmbraise@=\dimen109
)
("C:\Program Files\MiKTeX 2.9\tex\latex\amsmath\amsopn.sty"
Package: amsopn 1999/12/14 v2.01 operator names
)
\inf@bad=\count98
LaTeX Info: Redefining \frac on input line 210.
\uproot@=\count99
\leftroot@=\count100
LaTeX Info: Redefining \overline on input line 306.
\classnum@=\count101
\DOTSCASE@=\count102
LaTeX Info: Redefining \ldots on input line 378.
LaTeX Info: Redefining \dots on input line 381.
LaTeX Info: Redefining \cdots on input line 466.
\Mathstrutbox@=\box28
\strutbox@=\box29
\big@size=\dimen110
LaTeX Font Info:    Redeclaring font encoding OML on input line 566.
LaTeX Font Info:    Redeclaring font encoding OMS on input line 567.
\macc@depth=\count103
\c@MaxMatrixCols=\count104
\dotsspace@=\muskip10
\c@parentequation=\count105
\dspbrk@lvl=\count106
\tag@help=\toks24
\row@=\count107
\column@=\count108
\maxfields@=\count109
\andhelp@=\toks25
\eqnshift@=\dimen111
\alignsep@=\dimen112
\tagshift@=\dimen113
\tagwidth@=\dimen114
\totwidth@=\dimen115
\lineht@=\dimen116
\@envbody=\toks26
\multlinegap=\skip47
\multlinetaggap=\skip48
\mathdisplay@stack=\toks27
LaTeX Info: Redefining \[ on input line 2665.
LaTeX Info: Redefining \] on input line 2666.
)
("C:\Program Files\MiKTeX 2.9\tex\latex\amsmath\amscd.sty"
Package: amscd 1999/11/29 v2.0
\athelp@=\toks28
\minaw@=\dimen117
\bigaw@=\dimen118
\minCDarrowwidth=\dimen119
)
("C:\Program Files\MiKTeX 2.9\tex\latex\graphics\graphicx.sty"
Package: graphicx 1999/02/16 v1.0f Enhanced LaTeX Graphics (DPC,SPQR)

("C:\Program Files\MiKTeX 2.9\tex\latex\graphics\graphics.sty"
Package: graphics 2009/02/05 v1.0o Standard LaTeX Graphics (DPC,SPQR)

("C:\Program Files\MiKTeX 2.9\tex\latex\graphics\trig.sty"
Package: trig 1999/03/16 v1.09 sin cos tan (DPC)
)
("C:\Program Files\MiKTeX 2.9\tex\latex\00miktex\graphics.cfg"
File: graphics.cfg 2007/01/18 v1.5 graphics configuration of teTeX/TeXLive
)
Package graphics Info: Driver file: pdftex.def on input line 91.
)
\Gin@req@height=\dimen120
\Gin@req@width=\dimen121
)
("C:\Program Files\MiKTeX 2.9\tex\latex\float\float.sty"
Package: float 2001/11/08 v1.3d Float enhancements (AL)
\c@float@type=\count110
\float@exts=\toks29
\float@box=\box30
\@float@everytoks=\toks30
\@floatcapt=\box31
)
("C:\Program Files\MiKTeX 2.9\tex\latex\cite\cite.sty"
LaTeX Info: Redefining \cite on input line 302.
LaTeX Info: Redefining \nocite on input line 332.
Package: cite 2015/02/27  v 5.5
)
("C:\Program Files\MiKTeX 2.9\tex\latex\base\textcomp.sty"
Package: textcomp 2005/09/27 v1.99g Standard LaTeX package
Package textcomp Info: Sub-encoding information:
(textcomp)               5 = only ISO-Adobe without \textcurrency
(textcomp)               4 = 5 + \texteuro
(textcomp)               3 = 4 + \textohm
(textcomp)               2 = 3 + \textestimated + \textcurrency
(textcomp)               1 = TS1 - \textcircled - \t
(textcomp)               0 = TS1 (full)
(textcomp)             Font families with sub-encoding setting implement
(textcomp)             only a restricted character set as indicated.
(textcomp)             Family '?' is the default used for unknown fonts.
(textcomp)             See the documentation for details.
Package textcomp Info: Setting ? sub-encoding to TS1/1 on input line 71.

("C:\Program Files\MiKTeX 2.9\tex\latex\base\ts1enc.def"
File: ts1enc.def 2001/06/05 v3.0e (jk/car/fm) Standard LaTeX file
)
LaTeX Info: Redefining \oldstylenums on input line 266.
Package textcomp Info: Setting cmr sub-encoding to TS1/0 on input line 281.
Package textcomp Info: Setting cmss sub-encoding to TS1/0 on input line 282.
Package textcomp Info: Setting cmtt sub-encoding to TS1/0 on input line 283.
Package textcomp Info: Setting cmvtt sub-encoding to TS1/0 on input line 284.
Package textcomp Info: Setting cmbr sub-encoding to TS1/0 on input line 285.
Package textcomp Info: Setting cmtl sub-encoding to TS1/0 on input line 286.
Package textcomp Info: Setting ccr sub-encoding to TS1/0 on input line 287.
Package textcomp Info: Setting ptm sub-encoding to TS1/4 on input line 288.
Package textcomp Info: Setting pcr sub-encoding to TS1/4 on input line 289.
Package textcomp Info: Setting phv sub-encoding to TS1/4 on input line 290.
Package textcomp Info: Setting ppl sub-encoding to TS1/3 on input line 291.
Package textcomp Info: Setting pag sub-encoding to TS1/4 on input line 292.
Package textcomp Info: Setting pbk sub-encoding to TS1/4 on input line 293.
Package textcomp Info: Setting pnc sub-encoding to TS1/4 on input line 294.
Package textcomp Info: Setting pzc sub-encoding to TS1/4 on input line 295.
Package textcomp Info: Setting bch sub-encoding to TS1/4 on input line 296.
Package textcomp Info: Setting put sub-encoding to TS1/5 on input line 297.
Package textcomp Info: Setting uag sub-encoding to TS1/5 on input line 298.
Package textcomp Info: Setting ugq sub-encoding to TS1/5 on input line 299.
Package textcomp Info: Setting ul8 sub-encoding to TS1/4 on input line 300.
Package textcomp Info: Setting ul9 sub-encoding to TS1/4 on input line 301.
Package textcomp Info: Setting augie sub-encoding to TS1/5 on input line 302.
Package textcomp Info: Setting dayrom sub-encoding to TS1/3 on input line 303.
Package textcomp Info: Setting dayroms sub-encoding to TS1/3 on input line 304.

Package textcomp Info: Setting pxr sub-encoding to TS1/0 on input line 305.
Package textcomp Info: Setting pxss sub-encoding to TS1/0 on input line 306.
Package textcomp Info: Setting pxtt sub-encoding to TS1/0 on input line 307.
Package textcomp Info: Setting txr sub-encoding to TS1/0 on input line 308.
Package textcomp Info: Setting txss sub-encoding to TS1/0 on input line 309.
Package textcomp Info: Setting txtt sub-encoding to TS1/0 on input line 310.
Package textcomp Info: Setting lmr sub-encoding to TS1/0 on input line 311.
Package textcomp Info: Setting lmdh sub-encoding to TS1/0 on input line 312.
Package textcomp Info: Setting lmss sub-encoding to TS1/0 on input line 313.
Package textcomp Info: Setting lmssq sub-encoding to TS1/0 on input line 314.
Package textcomp Info: Setting lmvtt sub-encoding to TS1/0 on input line 315.
Package textcomp Info: Setting qhv sub-encoding to TS1/0 on input line 316.
Package textcomp Info: Setting qag sub-encoding to TS1/0 on input line 317.
Package textcomp Info: Setting qbk sub-encoding to TS1/0 on input line 318.
Package textcomp Info: Setting qcr sub-encoding to TS1/0 on input line 319.
Package textcomp Info: Setting qcs sub-encoding to TS1/0 on input line 320.
Package textcomp Info: Setting qpl sub-encoding to TS1/0 on input line 321.
Package textcomp Info: Setting qtm sub-encoding to TS1/0 on input line 322.
Package textcomp Info: Setting qzc sub-encoding to TS1/0 on input line 323.
Package textcomp Info: Setting qhvc sub-encoding to TS1/0 on input line 324.
Package textcomp Info: Setting futs sub-encoding to TS1/4 on input line 325.
Package textcomp Info: Setting futx sub-encoding to TS1/4 on input line 326.
Package textcomp Info: Setting futj sub-encoding to TS1/4 on input line 327.
Package textcomp Info: Setting hlh sub-encoding to TS1/3 on input line 328.
Package textcomp Info: Setting hls sub-encoding to TS1/3 on input line 329.
Package textcomp Info: Setting hlst sub-encoding to TS1/3 on input line 330.
Package textcomp Info: Setting hlct sub-encoding to TS1/5 on input line 331.
Package textcomp Info: Setting hlx sub-encoding to TS1/5 on input line 332.
Package textcomp Info: Setting hlce sub-encoding to TS1/5 on input line 333.
Package textcomp Info: Setting hlcn sub-encoding to TS1/5 on input line 334.
Package textcomp Info: Setting hlcw sub-encoding to TS1/5 on input line 335.
Package textcomp Info: Setting hlcf sub-encoding to TS1/5 on input line 336.
Package textcomp Info: Setting pplx sub-encoding to TS1/3 on input line 337.
Package textcomp Info: Setting pplj sub-encoding to TS1/3 on input line 338.
Package textcomp Info: Setting ptmx sub-encoding to TS1/4 on input line 339.
Package textcomp Info: Setting ptmj sub-encoding to TS1/4 on input line 340.
)
("C:\Program Files\MiKTeX 2.9\tex\latex\tools\longtable.sty"
Package: longtable 2004/02/01 v4.11 Multi-page Table package (DPC)
\LTleft=\skip49
\LTright=\skip50
\LTpre=\skip51
\LTpost=\skip52
\LTchunksize=\count111
\LTcapwidth=\dimen122
\LT@head=\box32
\LT@firsthead=\box33
\LT@foot=\box34
\LT@lastfoot=\box35
\LT@cols=\count112
\LT@rows=\count113
\c@LT@tables=\count114
\c@LT@chunks=\count115
\LT@p@ftn=\toks31
)
("C:\Program Files\MiKTeX 2.9\tex\latex\xcolor\xcolor.sty"
Package: xcolor 2007/01/21 v2.11 LaTeX color extensions (UK)

("C:\Program Files\MiKTeX 2.9\tex\latex\00miktex\color.cfg"
File: color.cfg 2007/01/18 v1.5 color configuration of teTeX/TeXLive
)
Package xcolor Info: Driver file: pdftex.def on input line 225.
LaTeX Info: Redefining \color on input line 702.
Package xcolor Info: Model `cmy' substituted by `cmy0' on input line 1337.
Package xcolor Info: Model `hsb' substituted by `rgb' on input line 1341.
Package xcolor Info: Model `RGB' extended on input line 1353.
Package xcolor Info: Model `HTML' substituted by `rgb' on input line 1355.
Package xcolor Info: Model `Hsb' substituted by `hsb' on input line 1356.
Package xcolor Info: Model `tHsb' substituted by `hsb' on input line 1357.
Package xcolor Info: Model `HSB' substituted by `hsb' on input line 1358.
Package xcolor Info: Model `Gray' substituted by `gray' on input line 1359.
Package xcolor Info: Model `wave' substituted by `hsb' on input line 1360.
)
("C:\Program Files\MiKTeX 2.9\tex\latex\caption\totalcount.sty"
Package: totalcount 2013/05/12 v1.0-92 Total values of counters (AR)
\c@totalcount@figure=\count116
\c@totalcount@table=\count117
)
("C:\Program Files\MiKTeX 2.9\tex\latex\totcount\totcount.sty"
Package: totcount 2011/01/25 v1.2 package for gettingthe total value of LaTeX c
ounters
)
("C:\Program Files\MiKTeX 2.9\tex\latex\cmap\cmap.sty"
Package: cmap 2008/03/06 v1.0h CMap support: searchable PDF
)
("C:\Program Files\MiKTeX 2.9\tex\latex\base\inputenc.sty"
Package: inputenc 2008/03/30 v1.1d Input encoding file
\inpenc@prehook=\toks32
\inpenc@posthook=\toks33

("C:\Program Files\MiKTeX 2.9\tex\latex\cyrillic\cp1251.def"
File: cp1251.def 2014/10/28 v1.0d Input encoding file
))
\c@page@totc=\count118
\c@attachcnt=\count119
\c@attachcnt@totc=\count120
\c@bibitem@totc=\count121
\c@bibitem=\count122

("C:\Program Files\MiKTeX 2.9\tex\latex\tocvsec2\tocvsec2.sty"
Package: tocvsec2 2014/03/10 v1.3a variable ToC section entries

("C:\Program Files\MiKTeX 2.9\tex\latex\base\ifthen.sty"
Package: ifthen 2001/05/26 v1.1c Standard LaTeX ifthen package (DPC)
)
\c@max@tocdepth=\count123
\c@max@secnumdepth=\count124
)
("C:\Program Files\MiKTeX 2.9\tex\latex\listings\lstlang1.sty"
File: lstlang1.sty 2015/06/04 1.6 listings language file
)
\c@Theorem=\count125
\c@Lemma=\count126
\c@Proposition=\count127
\c@Corollary=\count128
\c@Statement=\count129
\c@definition=\count130
\c@Definition=\count131
\c@Conjecture=\count132
\c@Algorithm=\count133
\c@Property=\count134
\c@lemma=\count135
\c@theorem=\count136
\c@remark=\count137
\c@example=\count138
\c@Note=\count139
\c@Case=\count140
\abovetablecaptionskip=\skip53
\belowtablecaptionskip=\skip54
\tableparindent=\skip55
)
("D:\Study\5 РєСѓСЂСЃ\COURS_DIPL\TeX\main.aux"
LaTeX Font Info:    Try loading font information for T2A+cmr on input line 4.

("C:\Program Files\MiKTeX 2.9\tex\latex\cyrillic\t2acmr.fd"
File: t2acmr.fd 2001/08/11 v1.0a Computer Modern Cyrillic font definitions
)<<t2a.cmap>>

LaTeX Warning: Label `tab:canonsummary' multiply defined.


LaTeX Warning: Label `attA:shuffl-section' multiply defined.

)
LaTeX Font Info:    Checking defaults for OML/cmm/m/it on input line 3.
LaTeX Font Info:    ... okay on input line 3.
LaTeX Font Info:    Checking defaults for T1/cmr/m/n on input line 3.
LaTeX Font Info:    ... okay on input line 3.
LaTeX Font Info:    Checking defaults for OT1/cmr/m/n on input line 3.
LaTeX Font Info:    ... okay on input line 3.
LaTeX Font Info:    Checking defaults for OMS/cmsy/m/n on input line 3.
LaTeX Font Info:    ... okay on input line 3.
LaTeX Font Info:    Checking defaults for OMX/cmex/m/n on input line 3.
LaTeX Font Info:    ... okay on input line 3.
LaTeX Font Info:    Checking defaults for U/cmr/m/n on input line 3.
LaTeX Font Info:    ... okay on input line 3.
LaTeX Font Info:    Checking defaults for T2A/cmr/m/n on input line 3.
LaTeX Font Info:    ... okay on input line 3.
LaTeX Font Info:    Checking defaults for TS1/cmr/m/n on input line 3.
LaTeX Font Info:    Try loading font information for TS1+cmr on input line 3.
 ("C:\Program Files\MiKTeX 2.9\tex\latex\base\ts1cmr.fd"
File: ts1cmr.fd 1999/05/25 v2.5h Standard LaTeX font definitions
)
LaTeX Font Info:    ... okay on input line 3.

("C:\Program Files\MiKTeX 2.9\tex\context\base\supp-pdf.mkii"
[Loading MPS to PDF converter (version 2006.09.02).]
\scratchcounter=\count141
\scratchdimen=\dimen123
\scratchbox=\box36
\nofMPsegments=\count142
\nofMParguments=\count143
\everyMPshowfont=\toks34
\MPscratchCnt=\count144
\MPscratchDim=\dimen124
\MPnumerator=\count145
\makeMPintoPDFobject=\count146
\everyMPtoPDFconversion=\toks35
)
\c@lstlisting=\count147
 ("D:\Study\5 РєСѓСЂСЃ\COURS_DIPL\TeX\TitlePage.tex"<<ot1.cmap>><<oml.cmap>><<o
ms.cmap>><<omx.cmap>>
LaTeX Font Info:    Try loading font information for U+msa on input line 38.
 ("C:\Program Files\MiKTeX 2.9\tex\latex\amsfonts\umsa.fd"
File: umsa.fd 2013/01/14 v3.01 AMS symbols A
)
LaTeX Font Info:    Try loading font information for U+msb on input line 38.
 ("C:\Program Files\MiKTeX 2.9\tex\latex\amsfonts\umsb.fd"
File: umsb.fd 2013/01/14 v3.01 AMS symbols B
)
Overfull \hbox (23.62482pt too wide) in paragraph at lines 38--55
[][] 
 []


Underfull \hbox (badness 10000) in paragraph at lines 38--55

 []

) ("D:\Study\5 РєСѓСЂСЃ\COURS_DIPL\TeX\TableOfContents.tex" [1

{C:/ProgramData/MiKTeX/2.9/pdftex/config/pdftex.map}]
("D:\Study\5 РєСѓСЂСЃ\COURS_DIPL\TeX\main.toc")
\tf@toc=\write3
)
("D:\Study\5 РєСѓСЂСЃ\COURS_DIPL\TeX\Legend.tex" [2

]
Overfull \hbox (7.54723pt too wide) in paragraph at lines 5--10
[][]
 []

) ("D:\Study\5 РєСѓСЂСЃ\COURS_DIPL\TeX\annot.tex" [3

] [4

]
Underfull \hbox (badness 1253) in paragraph at lines 37--38
[]\T2A/cmr/bx/it/14.4 У вы-нiку \T2A/cmr/m/n/14.4 ат-ры-ма-ны асiмп-та-тыч-ныя 
ац-эн-кi эн-тра-пii \T2A/cmr/m/it/14.4 l\T2A/cmr/m/n/14.4 -граммы пры
 []

[5

]
Underfull \hbox (badness 5847) in paragraph at lines 48--49
[]\T2A/cmr/m/n/14.4 EMBEDDING, MARKOV CHAIN, STEGANOGRAPHY, ENTROPY,
 []

) ("D:\Study\5 РєСѓСЂСЃ\COURS_DIPL\TeX\intro.tex" [6

])
("D:\Study\5 РєСѓСЂСЃ\COURS_DIPL\TeX\chapter_1.tex" [7

]
{\Russian \CYRG \cyrl \cyra \cyrv \cyra } 1.

Underfull \hbox (badness 3138) in paragraph at lines 8--9
[]\T2A/cmr/m/n/14.4 Создание труд-но-стей для об-на-ру-же-ния, из-вле-че-ния и 
мо-ди-фи-ка-
 []

[8

]
Underfull \hbox (badness 1642) in paragraph at lines 57--58
\T2A/cmr/m/n/14.4 ни-мать устрой-ство, по-рож-да-ю-щее по-сле-до-ва-тель-но-сти
, со-став-лен-ные из
 []


Underfull \hbox (badness 1009) in paragraph at lines 57--58
\T2A/cmr/m/n/14.4 но-стей по-рож-да-ют-ся в дис-крет-ный мо-мент времени:$\OML/
cmm/m/it/14.4 t \OT1/cmr/m/n/14.4 = 0\OML/cmm/m/it/14.4 ; \OT1/cmr/m/n/14.4 1\O
ML/cmm/m/it/14.4 ; \OT1/cmr/m/n/14.4 2\OML/cmm/m/it/14.4 ; :::\OT1/cmr/m/n/14.4
 ; \OML/cmm/m/it/14.4 t \OT1/cmr/m/n/14.4 =$
 []

[9] [10

]) ("D:\Study\5 РєСѓСЂСЃ\COURS_DIPL\TeX\chapter_2.tex" [11]
{\Russian \CYRG \cyrl \cyra \cyrv \cyra } 2.
[12

] [13]
Underfull \hbox (badness 10000) in paragraph at lines 95--97
[]\T2A/cmr/bx/n/14.4 Определение 2.2.2. [] \T2A/cmr/m/n/14.4 [2] Ве-ли-чи-на: $
\OML/cmm/m/it/14.4 H[] \OT1/cmr/m/n/14.4 =$
 []


Underfull \hbox (badness 10000) in paragraph at lines 95--97
$[][] \OML/cmm/m/it/14.4 P\OMS/cmsy/m/n/14.4 f\OML/cmm/m/it/14.4 a[]; :::; a[]\
OMS/cmsy/m/n/14.4 g [] []$ \T2A/cmr/m/n/14.4 на-зы-ва-ет-ся ша-го-вой эн-тро-пи
-ей
 []

[14]
Underfull \hbox (badness 10000) in paragraph at lines 99--100

 []


Overfull \hbox (4.91005pt too wide) detected at line 103
\OML/cmm/m/it/14.4 H[]\OT1/cmr/m/n/14.4 (\OML/cmm/m/it/14.4 \OT1/cmr/m/n/14.4 
) = \OMS/cmsy/m/n/14.4  [] [] \OML/cmm/m/it/14.4 P\OMS/cmsy/m/n/14.4 f\OML/cmm/
m/it/14.4 y[] \OT1/cmr/m/n/14.4 = \OML/cmm/m/it/14.4 a[]; :::; y[] \OT1/cmr/m/n
/14.4 = \OML/cmm/m/it/14.4 a[]\OMS/cmsy/m/n/14.4 g [] []\OML/cmm/m/it/14.4 :
 []


Underfull \hbox (badness 10000) in paragraph at lines 103--105

 []

[15]
Overfull \hbox (7.53267pt too wide) in paragraph at lines 155--155
[] 
 []


Underfull \hbox (badness 10000) in paragraph at lines 173--177

 []

[16]
Underfull \hbox (badness 10000) in paragraph at lines 180--181

 []


Underfull \hbox (badness 10000) in paragraph at lines 182--183

 []


Underfull \hbox (badness 10000) in paragraph at lines 184--185

 []


Underfull \hbox (badness 10000) in paragraph at lines 187--188

 []


Underfull \hbox (badness 10000) in paragraph at lines 189--192

 []


Underfull \hbox (badness 10000) in paragraph at lines 193--194

 []

[17]
Underfull \hbox (badness 1297) in paragraph at lines 225--241
$\OT1/cmr/m/n/14.4 0\OML/cmm/m/it/14.4 ; y[] \OT1/cmr/m/n/14.4 = 0\OML/cmm/m/it
/14.4 ; y[] \OT1/cmr/m/n/14.4 = 0\OML/cmm/m/it/14.4 ; y[] \OT1/cmr/m/n/14.4 = 0
\OMS/cmsy/m/n/14.4 j\OML/cmm/m/it/14.4 [] \OT1/cmr/m/n/14.4 = 1\OML/cmm/m/it/1
4.4 ; [] \OT1/cmr/m/n/14.4 = 0\OML/cmm/m/it/14.4 ; [] \OT1/cmr/m/n/14.4 = 0\O
ML/cmm/m/it/14.4 ; [] \OT1/cmr/m/n/14.4 =$
 []


Underfull \hbox (badness 10000) in paragraph at lines 225--241

 []

[18]
Underfull \hbox (badness 10000) in paragraph at lines 242--243

 []


Underfull \hbox (badness 10000) in paragraph at lines 244--245

 []


Underfull \hbox (badness 10000) in paragraph at lines 246--247

 []


Underfull \hbox (badness 10000) in paragraph at lines 248--249

 []


Underfull \hbox (badness 10000) in paragraph at lines 250--251

 []


Underfull \hbox (badness 10000) in paragraph at lines 252--253

 []


Overfull \hbox (10.3866pt too wide) in paragraph at lines 264--264
[] 
 []

[19]
Underfull \hbox (badness 10000) in paragraph at lines 269--271

 []


Overfull \hbox (2.99506pt too wide) in paragraph at lines 278--278
[] 
 []


Overfull \hbox (2.99506pt too wide) in paragraph at lines 283--283
[] 
 []

[20]

LaTeX Warning: Command \cyrg invalid in math mode on input line 303.


LaTeX Warning: Command \cyrd invalid in math mode on input line 303.


LaTeX Warning: Command \cyre invalid in math mode on input line 303.

Missing character: There is no г in font cmr12!
Missing character: There is no д in font cmr12!
Missing character: There is no е in font cmr12!

Underfull \hbox (badness 10000) in paragraph at lines 304--306

 []

[21]
Underfull \hbox (badness 10000) in paragraph at lines 314--315

 []


Underfull \hbox (badness 10000) in paragraph at lines 317--319

 []


Underfull \hbox (badness 10000) in paragraph at lines 321--323

 []

[22] [23

] [24]
Underfull \hbox (badness 10000) in paragraph at lines 417--418

 []


Overfull \hbox (8.39667pt too wide) in paragraph at lines 441--441
[] 
 []

[25] [26] [27

]

LaTeX Warning: `h' float specifier changed to `ht'.


LaTeX Warning: `h' float specifier changed to `ht'.

<lda.png, id=109, 481.8pt x 361.35pt>
File: lda.png Graphic file (type png)
 <use lda.png>
Package pdftex.def Info: lda.png used on input line 547.
(pdftex.def)             Requested size: 241.84842pt x 181.38583pt.


LaTeX Warning: `h' float specifier changed to `ht'.

[28] [29 <D:/Study/5 РєСѓСЂСЃ/COURS_DIPL/TeX/lda.png>] [30

] [31

]
<zigzag.jpg, id=125, 163.3603pt x 152.06813pt>
File: zigzag.jpg Graphic file (type jpg)
 <use zigzag.jpg>
Package pdftex.def Info: zigzag.jpg used on input line 622.
(pdftex.def)             Requested size: 241.84842pt x 225.12923pt.


LaTeX Warning: `h' float specifier changed to `ht'.

<hist1.png, id=126, 462.528pt x 346.896pt>
File: hist1.png Graphic file (type png)
 <use hist1.png>
Package pdftex.def Info: hist1.png used on input line 628.
(pdftex.def)             Requested size: 338.5863pt x 253.95184pt.


LaTeX Warning: `h' float specifier changed to `ht'.

) ("D:\Study\5 РєСѓСЂСЃ\COURS_DIPL\TeX\chapter_3.tex" [32] [33 <D:/Study/5 РєСѓ
СЂСЃ/COURS_DIPL/TeX/zigzag.jpg> <D:/Study/5 РєСѓСЂСЃ/COURS_DIPL/TeX/hist1.png>]
{\Russian \CYRG \cyrl \cyra \cyrv \cyra } 3.
<h2_01.png, id=134, 481.8pt x 361.35pt>
File: h2_01.png Graphic file (type png)
 <use h2_01.png>
Package pdftex.def Info: h2_01.png used on input line 5.
(pdftex.def)             Requested size: 386.95894pt x 290.22725pt.

<h2_03.png, id=135, 462.528pt x 346.896pt>
File: h2_03.png Graphic file (type png)
 <use h2_03.png>
Package pdftex.def Info: h2_03.png used on input line 10.
(pdftex.def)             Requested size: 386.95894pt x 290.23143pt.

<h2_05.png, id=136, 481.8pt x 361.35pt>
File: h2_05.png Graphic file (type png)
 <use h2_05.png>
Package pdftex.def Info: h2_05.png used on input line 15.
(pdftex.def)             Requested size: 386.95894pt x 290.22725pt.

<h2.png, id=137, 499.8675pt x 316.93407pt>
File: h2.png Graphic file (type png)
 <use h2.png>
Package pdftex.def Info: h2.png used on input line 20.
(pdftex.def)             Requested size: 386.95894pt x 245.35538pt.


LaTeX Warning: `h' float specifier changed to `ht'.


LaTeX Warning: `h' float specifier changed to `ht'.


LaTeX Warning: `h' float specifier changed to `ht'.

<h3_05.png, id=138, 462.528pt x 346.896pt>
File: h3_05.png Graphic file (type png)
 <use h3_05.png>
Package pdftex.def Info: h3_05.png used on input line 26.
(pdftex.def)             Requested size: 386.95894pt x 290.23143pt.


LaTeX Warning: `h' float specifier changed to `ht'.

<h3_03.png, id=139, 462.528pt x 346.896pt>
File: h3_03.png Graphic file (type png)
 <use h3_03.png>
Package pdftex.def Info: h3_03.png used on input line 31.
(pdftex.def)             Requested size: 386.95894pt x 290.23143pt.


LaTeX Warning: `h' float specifier changed to `ht'.

<h3_01.png, id=140, 462.528pt x 346.896pt>
File: h3_01.png Graphic file (type png)
 <use h3_01.png>
Package pdftex.def Info: h3_01.png used on input line 36.
(pdftex.def)             Requested size: 386.95894pt x 290.23143pt.


LaTeX Warning: `h' float specifier changed to `ht'.

<h3.png, id=141, 472.01344pt x 314.67563pt>
File: h3.png Graphic file (type png)
 <use h3.png>
Package pdftex.def Info: h3.png used on input line 41.
(pdftex.def)             Requested size: 386.95894pt x 257.97806pt.


LaTeX Warning: `h' float specifier changed to `ht'.

<h4_05.png, id=142, 462.528pt x 346.896pt>
File: h4_05.png Graphic file (type png)
 <use h4_05.png>
Package pdftex.def Info: h4_05.png used on input line 46.
(pdftex.def)             Requested size: 386.95894pt x 290.23143pt.


LaTeX Warning: `h' float specifier changed to `ht'.

<h4_03.png, id=143, 462.528pt x 346.896pt>
File: h4_03.png Graphic file (type png)
 <use h4_03.png>
Package pdftex.def Info: h4_03.png used on input line 51.
(pdftex.def)             Requested size: 386.95894pt x 290.23143pt.


LaTeX Warning: `h' float specifier changed to `ht'.

<h4_01.png, id=144, 462.528pt x 346.896pt>
File: h4_01.png Graphic file (type png)
 <use h4_01.png>
Package pdftex.def Info: h4_01.png used on input line 56.
(pdftex.def)             Requested size: 386.95894pt x 290.23143pt.


LaTeX Warning: `h' float specifier changed to `ht'.

<h4.png, id=145, 419.31656pt x 269.50688pt>
File: h4.png Graphic file (type png)
 <use h4.png>
Package pdftex.def Info: h4.png used on input line 61.
(pdftex.def)             Requested size: 386.95894pt x 248.71011pt.


LaTeX Warning: `h' float specifier changed to `ht'.

<h_l2.png, id=146, 667.7748pt x 453.1329pt>
File: h_l2.png Graphic file (type png)
 <use h_l2.png>
Package pdftex.def Info: h_l2.png used on input line 67.
(pdftex.def)             Requested size: 483.69684pt x 328.23291pt.


LaTeX Warning: `h' float specifier changed to `ht'.

) ("D:\Study\5 РєСѓСЂСЃ\COURS_DIPL\TeX\concl.tex" [34

 <D:/Study/5 РєСѓСЂСЃ/COURS_DIPL/TeX/h2_01.png>] [35 <D:/Study/5 РєСѓСЂСЃ/COURS
_DIPL/TeX/h2_03.png> <D:/Study/5 РєСѓСЂСЃ/COURS_DIPL/TeX/h2_05.png>] [36 <D:/St
udy/5 РєСѓСЂСЃ/COURS_DIPL/TeX/h2.png> <D:/Study/5 РєСѓСЂСЃ/COURS_DIPL/TeX/h3_05
.png>] [37 <D:/Study/5 РєСѓСЂСЃ/COURS_DIPL/TeX/h3_03.png> <D:/Study/5 РєСѓСЂСЃ/
COURS_DIPL/TeX/h3_01.png>] [38 <D:/Study/5 РєСѓСЂСЃ/COURS_DIPL/TeX/h3.png> <D:/
Study/5 РєСѓСЂСЃ/COURS_DIPL/TeX/h4_05.png>] [39 <D:/Study/5 РєСѓСЂСЃ/COURS_DIPL
/TeX/h4_03.png> <D:/Study/5 РєСѓСЂСЃ/COURS_DIPL/TeX/h4_01.png>] [40 <D:/Study/5
 РєСѓСЂСЃ/COURS_DIPL/TeX/h4.png> <D:/Study/5 РєСѓСЂСЃ/COURS_DIPL/TeX/h_l2.png>]
)
("D:\Study\5 РєСѓСЂСЃ\COURS_DIPL\TeX\referenses.tex" [41

] [42

])
("D:\Study\5 РєСѓСЂСЃ\COURS_DIPL\TeX\attA.tex"
LaTeX Font Info:    Try loading font information for T2A+cmtt on input line 24.


("C:\Program Files\MiKTeX 2.9\tex\latex\cyrillic\t2acmtt.fd"
File: t2acmtt.fd 2001/08/11 v1.0a Computer Modern Cyrillic font definitions
)
LaTeX Font Info:    Font shape `T2A/cmtt/bx/n' in size <10.95> not available
(Font)              Font shape `T2A/cmtt/m/n' tried instead on input line 25.
 [43] [44]
[45] [46] [47] [48] [49] [50]
Overfull \hbox (93.09137pt too wide) in paragraph at lines 468--469
[][][][][][][][][][][][][][][][][][][][][][][][]  
 []

[51] [52]) [53] ("D:\Study\5 РєСѓСЂСЃ\COURS_DIPL\TeX\main.aux")

LaTeX Warning: There were multiply-defined labels.

 ) 
Here is how much of TeX's memory you used:
 6552 strings out of 493921
 83954 string characters out of 3147279
 221161 words of memory out of 3000000
 9633 multiletter control sequences out of 15000+200000
 20241 words of font info for 55 fonts, out of 3000000 for 9000
 841 hyphenation exceptions out of 8191
 29i,12n,40p,1448b,1830s stack positions out of 5000i,500n,10000p,200000b,50000s
 <C:\Users\Andrey\AppData\Local\MiKTeX\2.9\fonts\pk\ljfour\lh\lh-t2a\dpi600\l
att1095.pk> <C:\Users\Andrey\AppData\Local\MiKTeX\2.9\fonts\pk\ljfour\lh\lh-t2a
\dpi600\lati1440.pk> <C:\Users\Andrey\AppData\Local\MiKTeX\2.9\fonts\pk\ljfour\
lh\lh-t2a\dpi600\labi1440.pk> <C:\Users\Andrey\AppData\Local\MiKTeX\2.9\fonts\p
k\ljfour\unknown\unknown\dpi600\larm1200.pk> <C:\Users\Andrey\AppData\Local\MiK
TeX\2.9\fonts\pk\ljfour\lh\lh-t2a\dpi600\labx1728.pk> <C:\Users\Andrey\AppData\
Local\MiKTeX\2.9\fonts\pk\ljfour\lh\lh-t2a\dpi600\labx1440.pk> <C:\Users\Andrey
\AppData\Local\MiKTeX\2.9\fonts\pk\ljfour\lh\lh-t2a\dpi600\larm1440.pk> <C:\Use
rs\Andrey\AppData\Local\MiKTeX\2.9\fonts\pk\ljfour\lh\lh-t2a\dpi600\labx1200.pk
><C:/Program Files/MiKTeX 2.9/fonts/type1/public/amsfonts/cm/cmex10.pfb><C:/Pro
gram Files/MiKTeX 2.9/fonts/type1/public/amsfonts/cm/cmmi10.pfb><C:/Program Fil
es/MiKTeX 2.9/fonts/type1/public/amsfonts/cm/cmmi12.pfb><C:/Program Files/MiKTe
X 2.9/fonts/type1/public/amsfonts/cm/cmmi7.pfb><C:/Program Files/MiKTeX 2.9/fon
ts/type1/public/amsfonts/cm/cmr10.pfb><C:/Program Files/MiKTeX 2.9/fonts/type1/
public/amsfonts/cm/cmr12.pfb><C:/Program Files/MiKTeX 2.9/fonts/type1/public/am
sfonts/cm/cmr7.pfb><C:/Program Files/MiKTeX 2.9/fonts/type1/public/amsfonts/cm/
cmsy10.pfb><C:/Program Files/MiKTeX 2.9/fonts/type1/public/amsfonts/cm/cmsy7.pf
b><C:/Program Files/MiKTeX 2.9/fonts/type1/public/amsfonts/symbols/msam10.pfb>
Output written on main.pdf (53 pages, 828076 bytes).
PDF statistics:
 820 PDF objects out of 1000 (max. 8388607)
 0 named destinations out of 1000 (max. 500000)
 101 words of extra memory for PDF output out of 10000 (max. 10000000)

