This is pdfTeX, Version 3.1415926-2.5-1.40.14 (MiKTeX 2.9 64-bit) (preloaded format=pdflatex 2015.5.17)  18 MAY 2017 20:55
entering extended mode
**diploma.tex
("D:\Study\5 –∫—É—Ä—Å\–ö–£–†–°–ê–ß –î–ò–ü–õ–û–ú\–î–∏–ø–ª–æ–º\diploma.tex"
LaTeX2e <2011/06/27>
Babel <v3.8m> and hyphenation patterns for english, afrikaans, ancientgreek, ar
abic, armenian, assamese, basque, bengali, bokmal, bulgarian, catalan, coptic, 
croatian, czech, danish, dutch, esperanto, estonian, farsi, finnish, french, ga
lician, german, german-x-2013-05-26, greek, gujarati, hindi, hungarian, iceland
ic, indonesian, interlingua, irish, italian, kannada, kurmanji, latin, latvian,
 lithuanian, malayalam, marathi, mongolian, mongolianlmc, monogreek, ngerman, n
german-x-2013-05-26, nynorsk, oriya, panjabi, pinyin, polish, portuguese, roman
ian, russian, sanskrit, serbian, slovak, slovenian, spanish, swedish, swissgerm
an, tamil, telugu, turkish, turkmen, ukenglish, ukrainian, uppersorbian, usengl
ishmax, welsh, loaded.
("C:\Program Files\MiKTeX 2.9\tex\latex\base\article.cls"
Document Class: article 2007/10/19 v1.4h Standard LaTeX document class
("C:\Program Files\MiKTeX 2.9\tex\latex\base\size12.clo"
File: size12.clo 2007/10/19 v1.4h Standard LaTeX file (size option)
)
\c@part=\count79
\c@section=\count80
\c@subsection=\count81
\c@subsubsection=\count82
\c@paragraph=\count83
\c@subparagraph=\count84
\c@figure=\count85
\c@table=\count86
\abovecaptionskip=\skip41
\belowcaptionskip=\skip42
\bibindent=\dimen102
)
("C:\Program Files\MiKTeX 2.9\tex\latex\base\inputenc.sty"
Package: inputenc 2008/03/30 v1.1d Input encoding file
\inpenc@prehook=\toks14
\inpenc@posthook=\toks15

("C:\Program Files\MiKTeX 2.9\tex\latex\base\utf8.def"
File: utf8.def 2008/04/05 v1.1m UTF-8 support for inputenc
Now handling font encoding OML ...
... no UTF-8 mapping file for font encoding OML
Now handling font encoding T1 ...
... processing UTF-8 mapping file for font encoding T1

("C:\Program Files\MiKTeX 2.9\tex\latex\base\t1enc.dfu"
File: t1enc.dfu 2008/04/05 v1.1m UTF-8 support for inputenc
   defining Unicode char U+00A1 (decimal 161)
   defining Unicode char U+00A3 (decimal 163)
   defining Unicode char U+00AB (decimal 171)
   defining Unicode char U+00BB (decimal 187)
   defining Unicode char U+00BF (decimal 191)
   defining Unicode char U+00C0 (decimal 192)
   defining Unicode char U+00C1 (decimal 193)
   defining Unicode char U+00C2 (decimal 194)
   defining Unicode char U+00C3 (decimal 195)
   defining Unicode char U+00C4 (decimal 196)
   defining Unicode char U+00C5 (decimal 197)
   defining Unicode char U+00C6 (decimal 198)
   defining Unicode char U+00C7 (decimal 199)
   defining Unicode char U+00C8 (decimal 200)
   defining Unicode char U+00C9 (decimal 201)
   defining Unicode char U+00CA (decimal 202)
   defining Unicode char U+00CB (decimal 203)
   defining Unicode char U+00CC (decimal 204)
   defining Unicode char U+00CD (decimal 205)
   defining Unicode char U+00CE (decimal 206)
   defining Unicode char U+00CF (decimal 207)
   defining Unicode char U+00D0 (decimal 208)
   defining Unicode char U+00D1 (decimal 209)
   defining Unicode char U+00D2 (decimal 210)
   defining Unicode char U+00D3 (decimal 211)
   defining Unicode char U+00D4 (decimal 212)
   defining Unicode char U+00D5 (decimal 213)
   defining Unicode char U+00D6 (decimal 214)
   defining Unicode char U+00D8 (decimal 216)
   defining Unicode char U+00D9 (decimal 217)
   defining Unicode char U+00DA (decimal 218)
   defining Unicode char U+00DB (decimal 219)
   defining Unicode char U+00DC (decimal 220)
   defining Unicode char U+00DD (decimal 221)
   defining Unicode char U+00DE (decimal 222)
   defining Unicode char U+00DF (decimal 223)
   defining Unicode char U+00E0 (decimal 224)
   defining Unicode char U+00E1 (decimal 225)
   defining Unicode char U+00E2 (decimal 226)
   defining Unicode char U+00E3 (decimal 227)
   defining Unicode char U+00E4 (decimal 228)
   defining Unicode char U+00E5 (decimal 229)
   defining Unicode char U+00E6 (decimal 230)
   defining Unicode char U+00E7 (decimal 231)
   defining Unicode char U+00E8 (decimal 232)
   defining Unicode char U+00E9 (decimal 233)
   defining Unicode char U+00EA (decimal 234)
   defining Unicode char U+00EB (decimal 235)
   defining Unicode char U+00EC (decimal 236)
   defining Unicode char U+00ED (decimal 237)
   defining Unicode char U+00EE (decimal 238)
   defining Unicode char U+00EF (decimal 239)
   defining Unicode char U+00F0 (decimal 240)
   defining Unicode char U+00F1 (decimal 241)
   defining Unicode char U+00F2 (decimal 242)
   defining Unicode char U+00F3 (decimal 243)
   defining Unicode char U+00F4 (decimal 244)
   defining Unicode char U+00F5 (decimal 245)
   defining Unicode char U+00F6 (decimal 246)
   defining Unicode char U+00F8 (decimal 248)
   defining Unicode char U+00F9 (decimal 249)
   defining Unicode char U+00FA (decimal 250)
   defining Unicode char U+00FB (decimal 251)
   defining Unicode char U+00FC (decimal 252)
   defining Unicode char U+00FD (decimal 253)
   defining Unicode char U+00FE (decimal 254)
   defining Unicode char U+00FF (decimal 255)
   defining Unicode char U+0102 (decimal 258)
   defining Unicode char U+0103 (decimal 259)
   defining Unicode char U+0104 (decimal 260)
   defining Unicode char U+0105 (decimal 261)
   defining Unicode char U+0106 (decimal 262)
   defining Unicode char U+0107 (decimal 263)
   defining Unicode char U+010C (decimal 268)
   defining Unicode char U+010D (decimal 269)
   defining Unicode char U+010E (decimal 270)
   defining Unicode char U+010F (decimal 271)
   defining Unicode char U+0110 (decimal 272)
   defining Unicode char U+0111 (decimal 273)
   defining Unicode char U+0118 (decimal 280)
   defining Unicode char U+0119 (decimal 281)
   defining Unicode char U+011A (decimal 282)
   defining Unicode char U+011B (decimal 283)
   defining Unicode char U+011E (decimal 286)
   defining Unicode char U+011F (decimal 287)
   defining Unicode char U+0130 (decimal 304)
   defining Unicode char U+0131 (decimal 305)
   defining Unicode char U+0132 (decimal 306)
   defining Unicode char U+0133 (decimal 307)
   defining Unicode char U+0139 (decimal 313)
   defining Unicode char U+013A (decimal 314)
   defining Unicode char U+013D (decimal 317)
   defining Unicode char U+013E (decimal 318)
   defining Unicode char U+0141 (decimal 321)
   defining Unicode char U+0142 (decimal 322)
   defining Unicode char U+0143 (decimal 323)
   defining Unicode char U+0144 (decimal 324)
   defining Unicode char U+0147 (decimal 327)
   defining Unicode char U+0148 (decimal 328)
   defining Unicode char U+014A (decimal 330)
   defining Unicode char U+014B (decimal 331)
   defining Unicode char U+0150 (decimal 336)
   defining Unicode char U+0151 (decimal 337)
   defining Unicode char U+0152 (decimal 338)
   defining Unicode char U+0153 (decimal 339)
   defining Unicode char U+0154 (decimal 340)
   defining Unicode char U+0155 (decimal 341)
   defining Unicode char U+0158 (decimal 344)
   defining Unicode char U+0159 (decimal 345)
   defining Unicode char U+015A (decimal 346)
   defining Unicode char U+015B (decimal 347)
   defining Unicode char U+015E (decimal 350)
   defining Unicode char U+015F (decimal 351)
   defining Unicode char U+0160 (decimal 352)
   defining Unicode char U+0161 (decimal 353)
   defining Unicode char U+0162 (decimal 354)
   defining Unicode char U+0163 (decimal 355)
   defining Unicode char U+0164 (decimal 356)
   defining Unicode char U+0165 (decimal 357)
   defining Unicode char U+016E (decimal 366)
   defining Unicode char U+016F (decimal 367)
   defining Unicode char U+0170 (decimal 368)
   defining Unicode char U+0171 (decimal 369)
   defining Unicode char U+0178 (decimal 376)
   defining Unicode char U+0179 (decimal 377)
   defining Unicode char U+017A (decimal 378)
   defining Unicode char U+017B (decimal 379)
   defining Unicode char U+017C (decimal 380)
   defining Unicode char U+017D (decimal 381)
   defining Unicode char U+017E (decimal 382)
   defining Unicode char U+200C (decimal 8204)
   defining Unicode char U+2013 (decimal 8211)
   defining Unicode char U+2014 (decimal 8212)
   defining Unicode char U+2018 (decimal 8216)
   defining Unicode char U+2019 (decimal 8217)
   defining Unicode char U+201A (decimal 8218)
   defining Unicode char U+201C (decimal 8220)
   defining Unicode char U+201D (decimal 8221)
   defining Unicode char U+201E (decimal 8222)
   defining Unicode char U+2030 (decimal 8240)
   defining Unicode char U+2031 (decimal 8241)
   defining Unicode char U+2039 (decimal 8249)
   defining Unicode char U+203A (decimal 8250)
   defining Unicode char U+2423 (decimal 9251)
)
Now handling font encoding OT1 ...
... processing UTF-8 mapping file for font encoding OT1

("C:\Program Files\MiKTeX 2.9\tex\latex\base\ot1enc.dfu"
File: ot1enc.dfu 2008/04/05 v1.1m UTF-8 support for inputenc
   defining Unicode char U+00A1 (decimal 161)
   defining Unicode char U+00A3 (decimal 163)
   defining Unicode char U+00B8 (decimal 184)
   defining Unicode char U+00BF (decimal 191)
   defining Unicode char U+00C5 (decimal 197)
   defining Unicode char U+00C6 (decimal 198)
   defining Unicode char U+00D8 (decimal 216)
   defining Unicode char U+00DF (decimal 223)
   defining Unicode char U+00E6 (decimal 230)
   defining Unicode char U+00EC (decimal 236)
   defining Unicode char U+00ED (decimal 237)
   defining Unicode char U+00EE (decimal 238)
   defining Unicode char U+00EF (decimal 239)
   defining Unicode char U+00F8 (decimal 248)
   defining Unicode char U+0131 (decimal 305)
   defining Unicode char U+0141 (decimal 321)
   defining Unicode char U+0142 (decimal 322)
   defining Unicode char U+0152 (decimal 338)
   defining Unicode char U+0153 (decimal 339)
   defining Unicode char U+2013 (decimal 8211)
   defining Unicode char U+2014 (decimal 8212)
   defining Unicode char U+2018 (decimal 8216)
   defining Unicode char U+2019 (decimal 8217)
   defining Unicode char U+201C (decimal 8220)
   defining Unicode char U+201D (decimal 8221)
)
Now handling font encoding OMS ...
... processing UTF-8 mapping file for font encoding OMS

("C:\Program Files\MiKTeX 2.9\tex\latex\base\omsenc.dfu"
File: omsenc.dfu 2008/04/05 v1.1m UTF-8 support for inputenc
   defining Unicode char U+00A7 (decimal 167)
   defining Unicode char U+00B6 (decimal 182)
   defining Unicode char U+00B7 (decimal 183)
   defining Unicode char U+2020 (decimal 8224)
   defining Unicode char U+2021 (decimal 8225)
   defining Unicode char U+2022 (decimal 8226)
)
Now handling font encoding OMX ...
... no UTF-8 mapping file for font encoding OMX
Now handling font encoding U ...
... no UTF-8 mapping file for font encoding U
   defining Unicode char U+00A9 (decimal 169)
   defining Unicode char U+00AA (decimal 170)
   defining Unicode char U+00AE (decimal 174)
   defining Unicode char U+00BA (decimal 186)
   defining Unicode char U+02C6 (decimal 710)
   defining Unicode char U+02DC (decimal 732)
   defining Unicode char U+200C (decimal 8204)
   defining Unicode char U+2026 (decimal 8230)
   defining Unicode char U+2122 (decimal 8482)
   defining Unicode char U+2423 (decimal 9251)
))
("C:\Program Files\MiKTeX 2.9\tex\latex\base\fontenc.sty"
Package: fontenc 2005/09/27 v1.99g Standard LaTeX package

("C:\Program Files\MiKTeX 2.9\tex\latex\base\t1enc.def"
File: t1enc.def 2005/09/27 v1.99g Standard LaTeX file
LaTeX Font Info:    Redeclaring font encoding T1 on input line 43.
))
("C:\Program Files\MiKTeX 2.9\tex\latex\graphics\graphicx.sty"
Package: graphicx 1999/02/16 v1.0f Enhanced LaTeX Graphics (DPC,SPQR)

("C:\Program Files\MiKTeX 2.9\tex\latex\graphics\keyval.sty"
Package: keyval 1999/03/16 v1.13 key=value parser (DPC)
\KV@toks@=\toks16
)
("C:\Program Files\MiKTeX 2.9\tex\latex\graphics\graphics.sty"
Package: graphics 2009/02/05 v1.0o Standard LaTeX Graphics (DPC,SPQR)

("C:\Program Files\MiKTeX 2.9\tex\latex\graphics\trig.sty"
Package: trig 1999/03/16 v1.09 sin cos tan (DPC)
)
("C:\Program Files\MiKTeX 2.9\tex\latex\00miktex\graphics.cfg"
File: graphics.cfg 2007/01/18 v1.5 graphics configuration of teTeX/TeXLive
)
Package graphics Info: Driver file: pdftex.def on input line 91.

("C:\Program Files\MiKTeX 2.9\tex\latex\pdftex-def\pdftex.def"
File: pdftex.def 2011/05/27 v0.06d Graphics/color for pdfTeX

("C:\Program Files\MiKTeX 2.9\tex\generic\oberdiek\infwarerr.sty"
Package: infwarerr 2010/04/08 v1.3 Providing info/warning/error messages (HO)
)
("C:\Program Files\MiKTeX 2.9\tex\generic\oberdiek\ltxcmds.sty"
Package: ltxcmds 2011/11/09 v1.22 LaTeX kernel commands for general use (HO)
)
\Gread@gobject=\count87
))
\Gin@req@height=\dimen103
\Gin@req@width=\dimen104
)
("C:\Program Files\MiKTeX 2.9\tex\generic\babel\babel.sty"
Package: babel 2008/07/08 v3.8m The Babel package

*************************************
* Local config file bblopts.cfg used
*
("C:\Program Files\MiKTeX 2.9\tex\latex\00miktex\bblopts.cfg"
File: bblopts.cfg 2006/07/31 v1.0 MiKTeX 'babel' configuration
)
("C:\Program Files\MiKTeX 2.9\tex\generic\babel\english.ldf"
Language: english 2005/03/30 v3.3o English support from the babel system

("C:\Program Files\MiKTeX 2.9\tex\generic\babel\babel.def"
File: babel.def 2008/07/08 v3.8m Babel common definitions
\babel@savecnt=\count88
\U@D=\dimen105
)
\l@canadian = a dialect from \language\l@american 
\l@australian = a dialect from \language\l@british 
\l@newzealand = a dialect from \language\l@british 
)
("C:\Program Files\MiKTeX 2.9\tex\generic\babel\russianb.ldf"
Language: russianb 2008/03/21 v1.1r Russian support from the babel system

("C:\Program Files\MiKTeX 2.9\tex\latex\cyrillic\t2aenc.def"
File: t2aenc.def 2005/09/27 v1.0i Cyrillic encoding definition file
Now handling font encoding T2A ...
... processing UTF-8 mapping file for font encoding T2A

("C:\Program Files\MiKTeX 2.9\tex\latex\base\t2aenc.dfu"
File: t2aenc.dfu 2008/04/05 v1.1m UTF-8 support for inputenc
   defining Unicode char U+00A4 (decimal 164)
   defining Unicode char U+00A7 (decimal 167)
   defining Unicode char U+00AB (decimal 171)
   defining Unicode char U+00BB (decimal 187)
   defining Unicode char U+0131 (decimal 305)
   defining Unicode char U+0400 (decimal 1024)
   defining Unicode char U+0401 (decimal 1025)
   defining Unicode char U+0402 (decimal 1026)
   defining Unicode char U+0403 (decimal 1027)
   defining Unicode char U+0404 (decimal 1028)
   defining Unicode char U+0405 (decimal 1029)
   defining Unicode char U+0406 (decimal 1030)
   defining Unicode char U+0407 (decimal 1031)
   defining Unicode char U+0408 (decimal 1032)
   defining Unicode char U+0409 (decimal 1033)
   defining Unicode char U+040A (decimal 1034)
   defining Unicode char U+040B (decimal 1035)
   defining Unicode char U+040C (decimal 1036)
   defining Unicode char U+040D (decimal 1037)
   defining Unicode char U+040E (decimal 1038)
   defining Unicode char U+040F (decimal 1039)
   defining Unicode char U+0410 (decimal 1040)
   defining Unicode char U+0411 (decimal 1041)
   defining Unicode char U+0412 (decimal 1042)
   defining Unicode char U+0413 (decimal 1043)
   defining Unicode char U+0414 (decimal 1044)
   defining Unicode char U+0415 (decimal 1045)
   defining Unicode char U+0416 (decimal 1046)
   defining Unicode char U+0417 (decimal 1047)
   defining Unicode char U+0418 (decimal 1048)
   defining Unicode char U+0419 (decimal 1049)
   defining Unicode char U+041A (decimal 1050)
   defining Unicode char U+041B (decimal 1051)
   defining Unicode char U+041C (decimal 1052)
   defining Unicode char U+041D (decimal 1053)
   defining Unicode char U+041E (decimal 1054)
   defining Unicode char U+041F (decimal 1055)
   defining Unicode char U+0420 (decimal 1056)
   defining Unicode char U+0421 (decimal 1057)
   defining Unicode char U+0422 (decimal 1058)
   defining Unicode char U+0423 (decimal 1059)
   defining Unicode char U+0424 (decimal 1060)
   defining Unicode char U+0425 (decimal 1061)
   defining Unicode char U+0426 (decimal 1062)
   defining Unicode char U+0427 (decimal 1063)
   defining Unicode char U+0428 (decimal 1064)
   defining Unicode char U+0429 (decimal 1065)
   defining Unicode char U+042A (decimal 1066)
   defining Unicode char U+042B (decimal 1067)
   defining Unicode char U+042C (decimal 1068)
   defining Unicode char U+042D (decimal 1069)
   defining Unicode char U+042E (decimal 1070)
   defining Unicode char U+042F (decimal 1071)
   defining Unicode char U+0430 (decimal 1072)
   defining Unicode char U+0431 (decimal 1073)
   defining Unicode char U+0432 (decimal 1074)
   defining Unicode char U+0433 (decimal 1075)
   defining Unicode char U+0434 (decimal 1076)
   defining Unicode char U+0435 (decimal 1077)
   defining Unicode char U+0436 (decimal 1078)
   defining Unicode char U+0437 (decimal 1079)
   defining Unicode char U+0438 (decimal 1080)
   defining Unicode char U+0439 (decimal 1081)
   defining Unicode char U+043A (decimal 1082)
   defining Unicode char U+043B (decimal 1083)
   defining Unicode char U+043C (decimal 1084)
   defining Unicode char U+043D (decimal 1085)
   defining Unicode char U+043E (decimal 1086)
   defining Unicode char U+043F (decimal 1087)
   defining Unicode char U+0440 (decimal 1088)
   defining Unicode char U+0441 (decimal 1089)
   defining Unicode char U+0442 (decimal 1090)
   defining Unicode char U+0443 (decimal 1091)
   defining Unicode char U+0444 (decimal 1092)
   defining Unicode char U+0445 (decimal 1093)
   defining Unicode char U+0446 (decimal 1094)
   defining Unicode char U+0447 (decimal 1095)
   defining Unicode char U+0448 (decimal 1096)
   defining Unicode char U+0449 (decimal 1097)
   defining Unicode char U+044A (decimal 1098)
   defining Unicode char U+044B (decimal 1099)
   defining Unicode char U+044C (decimal 1100)
   defining Unicode char U+044D (decimal 1101)
   defining Unicode char U+044E (decimal 1102)
   defining Unicode char U+044F (decimal 1103)
   defining Unicode char U+0450 (decimal 1104)
   defining Unicode char U+0451 (decimal 1105)
   defining Unicode char U+0452 (decimal 1106)
   defining Unicode char U+0453 (decimal 1107)
   defining Unicode char U+0454 (decimal 1108)
   defining Unicode char U+0455 (decimal 1109)
   defining Unicode char U+0456 (decimal 1110)
   defining Unicode char U+0457 (decimal 1111)
   defining Unicode char U+0458 (decimal 1112)
   defining Unicode char U+0459 (decimal 1113)
   defining Unicode char U+045A (decimal 1114)
   defining Unicode char U+045B (decimal 1115)
   defining Unicode char U+045C (decimal 1116)
   defining Unicode char U+045D (decimal 1117)
   defining Unicode char U+045E (decimal 1118)
   defining Unicode char U+045F (decimal 1119)
   defining Unicode char U+0490 (decimal 1168)
   defining Unicode char U+0491 (decimal 1169)
   defining Unicode char U+0492 (decimal 1170)
   defining Unicode char U+0493 (decimal 1171)
   defining Unicode char U+0496 (decimal 1174)
   defining Unicode char U+0497 (decimal 1175)
   defining Unicode char U+0498 (decimal 1176)
   defining Unicode char U+0499 (decimal 1177)
   defining Unicode char U+049A (decimal 1178)
   defining Unicode char U+049B (decimal 1179)
   defining Unicode char U+049C (decimal 1180)
   defining Unicode char U+049D (decimal 1181)
   defining Unicode char U+04A0 (decimal 1184)
   defining Unicode char U+04A1 (decimal 1185)
   defining Unicode char U+04A2 (decimal 1186)
   defining Unicode char U+04A3 (decimal 1187)
   defining Unicode char U+04A4 (decimal 1188)
   defining Unicode char U+04A5 (decimal 1189)
   defining Unicode char U+04AA (decimal 1194)
   defining Unicode char U+04AB (decimal 1195)
   defining Unicode char U+04AE (decimal 1198)
   defining Unicode char U+04AF (decimal 1199)
   defining Unicode char U+04B0 (decimal 1200)
   defining Unicode char U+04B1 (decimal 1201)
   defining Unicode char U+04B2 (decimal 1202)
   defining Unicode char U+04B3 (decimal 1203)
   defining Unicode char U+04B6 (decimal 1206)
   defining Unicode char U+04B7 (decimal 1207)
   defining Unicode char U+04B8 (decimal 1208)
   defining Unicode char U+04B9 (decimal 1209)
   defining Unicode char U+04BA (decimal 1210)
   defining Unicode char U+04BB (decimal 1211)
   defining Unicode char U+04C0 (decimal 1216)
   defining Unicode char U+04C1 (decimal 1217)
   defining Unicode char U+04C2 (decimal 1218)
   defining Unicode char U+04D0 (decimal 1232)
   defining Unicode char U+04D1 (decimal 1233)
   defining Unicode char U+04D2 (decimal 1234)
   defining Unicode char U+04D3 (decimal 1235)
   defining Unicode char U+04D4 (decimal 1236)
   defining Unicode char U+04D5 (decimal 1237)
   defining Unicode char U+04D6 (decimal 1238)
   defining Unicode char U+04D7 (decimal 1239)
   defining Unicode char U+04D8 (decimal 1240)
   defining Unicode char U+04D9 (decimal 1241)
   defining Unicode char U+04DA (decimal 1242)
   defining Unicode char U+04DB (decimal 1243)
   defining Unicode char U+04DC (decimal 1244)
   defining Unicode char U+04DD (decimal 1245)
   defining Unicode char U+04DE (decimal 1246)
   defining Unicode char U+04DF (decimal 1247)
   defining Unicode char U+04E2 (decimal 1250)
   defining Unicode char U+04E3 (decimal 1251)
   defining Unicode char U+04E4 (decimal 1252)
   defining Unicode char U+04E5 (decimal 1253)
   defining Unicode char U+04E6 (decimal 1254)
   defining Unicode char U+04E7 (decimal 1255)
   defining Unicode char U+04E8 (decimal 1256)
   defining Unicode char U+04E9 (decimal 1257)
   defining Unicode char U+04EC (decimal 1260)
   defining Unicode char U+04ED (decimal 1261)
   defining Unicode char U+04EE (decimal 1262)
   defining Unicode char U+04EF (decimal 1263)
   defining Unicode char U+04F0 (decimal 1264)
   defining Unicode char U+04F1 (decimal 1265)
   defining Unicode char U+04F2 (decimal 1266)
   defining Unicode char U+04F3 (decimal 1267)
   defining Unicode char U+04F4 (decimal 1268)
   defining Unicode char U+04F5 (decimal 1269)
   defining Unicode char U+04F8 (decimal 1272)
   defining Unicode char U+04F9 (decimal 1273)
   defining Unicode char U+200C (decimal 8204)
   defining Unicode char U+2013 (decimal 8211)
   defining Unicode char U+2014 (decimal 8212)
   defining Unicode char U+2018 (decimal 8216)
   defining Unicode char U+2019 (decimal 8217)
   defining Unicode char U+201C (decimal 8220)
   defining Unicode char U+201D (decimal 8221)
   defining Unicode char U+201E (decimal 8222)
   defining Unicode char U+2030 (decimal 8240)
   defining Unicode char U+2031 (decimal 8241)
   defining Unicode char U+2116 (decimal 8470)
   defining Unicode char U+2329 (decimal 9001)
   defining Unicode char U+232A (decimal 9002)
   defining Unicode char U+2423 (decimal 9251)
))
Package babel Info: Making " an active character on input line 199.
))
("C:\Program Files\MiKTeX 2.9\tex\latex\textcase\textcase.sty"
Package: textcase 2004/10/07 v0.07 Text only upper/lower case changing (DPC)
)
("C:\Program Files\MiKTeX 2.9\tex\latex\amsfonts\amssymb.sty"
Package: amssymb 2013/01/14 v3.01 AMS font symbols

("C:\Program Files\MiKTeX 2.9\tex\latex\amsfonts\amsfonts.sty"
Package: amsfonts 2013/01/14 v3.01 Basic AMSFonts support
\@emptytoks=\toks17
\symAMSa=\mathgroup4
\symAMSb=\mathgroup5
LaTeX Font Info:    Overwriting math alphabet `\mathfrak' in version `bold'
(Font)                  U/euf/m/n --> U/euf/b/n on input line 106.
))
("C:\Program Files\MiKTeX 2.9\tex\latex\amsmath\amsmath.sty"
Package: amsmath 2013/01/14 v2.14 AMS math features
\@mathmargin=\skip43

For additional information on amsmath, use the `?' option.
("C:\Program Files\MiKTeX 2.9\tex\latex\amsmath\amstext.sty"
Package: amstext 2000/06/29 v2.01

("C:\Program Files\MiKTeX 2.9\tex\latex\amsmath\amsgen.sty"
File: amsgen.sty 1999/11/30 v2.0
\@emptytoks=\toks18
\ex@=\dimen106
))
("C:\Program Files\MiKTeX 2.9\tex\latex\amsmath\amsbsy.sty"
Package: amsbsy 1999/11/29 v1.2d
\pmbraise@=\dimen107
)
("C:\Program Files\MiKTeX 2.9\tex\latex\amsmath\amsopn.sty"
Package: amsopn 1999/12/14 v2.01 operator names
)
\inf@bad=\count89
LaTeX Info: Redefining \frac on input line 210.
\uproot@=\count90
\leftroot@=\count91
LaTeX Info: Redefining \overline on input line 306.
\classnum@=\count92
\DOTSCASE@=\count93
LaTeX Info: Redefining \ldots on input line 378.
LaTeX Info: Redefining \dots on input line 381.
LaTeX Info: Redefining \cdots on input line 466.
\Mathstrutbox@=\box26
\strutbox@=\box27
\big@size=\dimen108
LaTeX Font Info:    Redeclaring font encoding OML on input line 566.
LaTeX Font Info:    Redeclaring font encoding OMS on input line 567.
\macc@depth=\count94
\c@MaxMatrixCols=\count95
\dotsspace@=\muskip10
\c@parentequation=\count96
\dspbrk@lvl=\count97
\tag@help=\toks19
\row@=\count98
\column@=\count99
\maxfields@=\count100
\andhelp@=\toks20
\eqnshift@=\dimen109
\alignsep@=\dimen110
\tagshift@=\dimen111
\tagwidth@=\dimen112
\totwidth@=\dimen113
\lineht@=\dimen114
\@envbody=\toks21
\multlinegap=\skip44
\multlinetaggap=\skip45
\mathdisplay@stack=\toks22
LaTeX Info: Redefining \[ on input line 2665.
LaTeX Info: Redefining \] on input line 2666.
)
("C:\Program Files\MiKTeX 2.9\tex\latex\amscls\amsthm.sty"
Package: amsthm 2004/08/06 v2.20
\thm@style=\toks23
\thm@bodyfont=\toks24
\thm@headfont=\toks25
\thm@notefont=\toks26
\thm@headpunct=\toks27
\thm@preskip=\skip46
\thm@postskip=\skip47
\thm@headsep=\skip48
\dth@everypar=\toks28
)
("C:\Program Files\MiKTeX 2.9\tex\latex\geometry\geometry.sty"
Package: geometry 2010/09/12 v5.6 Page Geometry

("C:\Program Files\MiKTeX 2.9\tex\generic\oberdiek\ifpdf.sty"
Package: ifpdf 2011/01/30 v2.3 Provides the ifpdf switch (HO)
Package ifpdf Info: pdfTeX in PDF mode is detected.
)
("C:\Program Files\MiKTeX 2.9\tex\generic\oberdiek\ifvtex.sty"
Package: ifvtex 2010/03/01 v1.5 Detect VTeX and its facilities (HO)
Package ifvtex Info: VTeX not detected.
)
("C:\Program Files\MiKTeX 2.9\tex\generic\ifxetex\ifxetex.sty"
Package: ifxetex 2010/09/12 v0.6 Provides ifxetex conditional
)
\Gm@cnth=\count101
\Gm@cntv=\count102
\c@Gm@tempcnt=\count103
\Gm@bindingoffset=\dimen115
\Gm@wd@mp=\dimen116
\Gm@odd@mp=\dimen117
\Gm@even@mp=\dimen118
\Gm@layoutwidth=\dimen119
\Gm@layoutheight=\dimen120
\Gm@layouthoffset=\dimen121
\Gm@layoutvoffset=\dimen122
\Gm@dimlist=\toks29

("C:\Program Files\MiKTeX 2.9\tex\latex\geometry\geometry.cfg"))
\c@definition=\count104
\c@lemma=\count105
\c@theorem=\count106

("D:\Study\5 –∫—É—Ä—Å\–ö–£–†–°–ê–ß –î–ò–ü–õ–û–ú\–î–∏–ø–ª–æ–º\diploma.aux"
LaTeX Font Info:    Try loading font information for T2A+cmr on input line 3.

("C:\Program Files\MiKTeX 2.9\tex\latex\cyrillic\t2acmr.fd"
File: t2acmr.fd 2001/08/11 v1.0a Computer Modern Cyrillic font definitions
))
LaTeX Font Info:    Checking defaults for OML/cmm/m/it on input line 21.
LaTeX Font Info:    ... okay on input line 21.
LaTeX Font Info:    Checking defaults for T1/cmr/m/n on input line 21.
LaTeX Font Info:    ... okay on input line 21.
LaTeX Font Info:    Checking defaults for OT1/cmr/m/n on input line 21.
LaTeX Font Info:    ... okay on input line 21.
LaTeX Font Info:    Checking defaults for OMS/cmsy/m/n on input line 21.
LaTeX Font Info:    ... okay on input line 21.
LaTeX Font Info:    Checking defaults for OMX/cmex/m/n on input line 21.
LaTeX Font Info:    ... okay on input line 21.
LaTeX Font Info:    Checking defaults for U/cmr/m/n on input line 21.
LaTeX Font Info:    ... okay on input line 21.
LaTeX Font Info:    Checking defaults for T2A/cmr/m/n on input line 21.
LaTeX Font Info:    ... okay on input line 21.

("C:\Program Files\MiKTeX 2.9\tex\context\base\supp-pdf.mkii"
[Loading MPS to PDF converter (version 2006.09.02).]
\scratchcounter=\count107
\scratchdimen=\dimen123
\scratchbox=\box28
\nofMPsegments=\count108
\nofMParguments=\count109
\everyMPshowfont=\toks30
\MPscratchCnt=\count110
\MPscratchDim=\dimen124
\MPnumerator=\count111
\makeMPintoPDFobject=\count112
\everyMPtoPDFconversion=\toks31
)
*geometry* driver: auto-detecting
*geometry* detected driver: pdftex
*geometry* verbose mode - [ preamble ] result:
* driver: pdftex
* paper: a4paper
* layout: <same size as paper>
* layoutoffset:(h,v)=(0.0pt,0.0pt)
* modes: 
* h-part:(L,W,R)=(85.35826pt, 483.69687pt, 28.45274pt)
* v-part:(T,H,B)=(56.9055pt, 731.23584pt, 56.9055pt)
* \paperwidth=597.50787pt
* \paperheight=845.04684pt
* \textwidth=483.69687pt
* \textheight=731.23584pt
* \oddsidemargin=13.08827pt
* \evensidemargin=13.08827pt
* \topmargin=-52.36449pt
* \headheight=12.0pt
* \headsep=25.0pt
* \topskip=12.0pt
* \footskip=30.0pt
* \marginparwidth=35.0pt
* \marginparsep=10.0pt
* \columnsep=10.0pt
* \skip\footins=10.8pt plus 4.0pt minus 2.0pt
* \hoffset=0.0pt
* \voffset=0.0pt
* \mag=1000
* \@twocolumnfalse
* \@twosidefalse
* \@mparswitchfalse
* \@reversemarginfalse
* (1in=72.27pt=25.4mm, 1cm=28.453pt)

LaTeX Font Info:    Try loading font information for U+msa on input line 56.
("C:\Program Files\MiKTeX 2.9\tex\latex\amsfonts\umsa.fd"
File: umsa.fd 2013/01/14 v3.01 AMS symbols A
)
LaTeX Font Info:    Try loading font information for U+msb on input line 56.

("C:\Program Files\MiKTeX 2.9\tex\latex\amsfonts\umsb.fd"
File: umsb.fd 2013/01/14 v3.01 AMS symbols B
) [1

{C:/ProgramData/MiKTeX/2.9/pdftex/config/pdftex.map}] [2

]
Overfull \hbox (24.57234pt too wide) in paragraph at lines 136--137
\T2A/cmr/bx/n/12 ŒÔÂ‰ÂÎÂÌËÂ 2.8. \T2A/cmr/m/it/12 œÓ‰ ÒÚÂ-„‡-ÌÓ-„‡-ÙË-˜Â-ÒÍÓÈ
 ÒË-ÒÚÂ-ÏÓÈ ·Û-‰ÂÏ ÔÓ-ÌË-Ï‡Ú¸ $\OML/cmm/m/it/12 S \OT1/cmr/m/n/12 = (\OML/cmm/m
/it/12 F; F[]; M; B; K\OT1/cmr/m/n/12 )$\T2A/cmr/m/it/12 ,
 []


Overfull \hbox (11.0739pt too wide) in paragraph at lines 155--157
\T2A/cmr/m/it/12 ÏÂÌÚ ‚Â-ÏÂ-ÌË j+1, ..., j+l ‰Îˇ Î˛-·˚ı j,l;$\OML/cmm/m/it/12 
a[]:::a[]$\T2A/cmr/m/it/12 , ÚÓ ËÒ-ÚÓ˜-ÌËÍ Ì‡-Á˚-‚‡-ÂÚ-Òˇ ÒÚ‡ˆËÓÌ‡Ì˚Ï.[[]]
 []

[3] [4] [5

] [6]
Underfull \hbox (badness 10000) in paragraph at lines 293--294

 []


Underfull \hbox (badness 10000) in paragraph at lines 297--299

 []

[7] [8]
Underfull \hbox (badness 10000) in paragraph at lines 367--371

 []


Underfull \hbox (badness 10000) in paragraph at lines 374--375

 []


Underfull \hbox (badness 10000) in paragraph at lines 376--377

 []


Underfull \hbox (badness 10000) in paragraph at lines 378--379

 []


Underfull \hbox (badness 10000) in paragraph at lines 381--382

 []


Underfull \hbox (badness 10000) in paragraph at lines 383--386

 []


Underfull \hbox (badness 10000) in paragraph at lines 387--388

 []

[9]
Underfull \hbox (badness 10000) in paragraph at lines 419--435

 []


Underfull \hbox (badness 10000) in paragraph at lines 436--437

 []


Underfull \hbox (badness 10000) in paragraph at lines 438--439

 []


Underfull \hbox (badness 10000) in paragraph at lines 440--441

 []

[10]
Underfull \hbox (badness 10000) in paragraph at lines 442--443

 []


Underfull \hbox (badness 10000) in paragraph at lines 444--445

 []


Underfull \hbox (badness 10000) in paragraph at lines 446--447

 []


Underfull \hbox (badness 10000) in paragraph at lines 463--465

 []

[11]

LaTeX Warning: Command \cyrg invalid in math mode on input line 495.


LaTeX Warning: Command \cyrd invalid in math mode on input line 495.


LaTeX Warning: Command \cyre invalid in math mode on input line 495.

Missing character: There is no „ in font cmr12!
Missing character: There is no ‰ in font cmr12!
Missing character: There is no Â in font cmr12!

Underfull \hbox (badness 10000) in paragraph at lines 496--498

 []

[12]
Underfull \hbox (badness 10000) in paragraph at lines 506--507

 []


Underfull \hbox (badness 10000) in paragraph at lines 509--511

 []


Underfull \hbox (badness 10000) in paragraph at lines 513--515

 []


Overfull \hbox (11.04747pt too wide) in paragraph at lines 517--517
[] 
 []

[13]
Overfull \hbox (9.3033pt too wide) in paragraph at lines 540--546
\T2A/cmr/m/n/12 œÛÒÚ¸ ËÏÂ-ÂÚ-Òˇ ÔÓ-ÒÎÂ-‰Ó-‚‡-ÚÂÎ¸-ÌÓÒÚ¸ $\OML/cmm/m/it/12 Y \OT
1/cmr/m/n/12 = \OMS/cmsy/m/n/12 f\OML/cmm/m/it/12 y[]; :::; y[]\OMS/cmsy/m/n/12
 g$\T2A/cmr/m/n/12 , Ì‡ ÓÒ-ÌÓ-‚‡-ÌËË $\OML/cmm/m/it/12 Y$ \T2A/cmr/m/n/12 ‚˚-˜Ë
Ò-Îˇ-ÂÏ $\OT1/cmr/m/n/12 (\OML/cmm/m/it/12 H[]\OT1/cmr/m/n/12 (\OML/cmm/m/it/12
 \OT1/cmr/m/n/12 )\OML/cmm/m/it/12 ; H[]\OT1/cmr/m/n/12 (\OML/cmm/m/it/12 \OT
1/cmr/m/n/12 ))$
 []

[14

]

LaTeX Warning: Command \cyrv invalid in math mode on input line 547.


LaTeX Warning: Command \cyre invalid in math mode on input line 547.


LaTeX Warning: Command \cyrr invalid in math mode on input line 547.


LaTeX Warning: Command \cyro invalid in math mode on input line 547.


LaTeX Warning: Command \cyrya invalid in math mode on input line 547.


LaTeX Warning: Command \cyrt invalid in math mode on input line 547.


LaTeX Warning: Command \cyrn invalid in math mode on input line 547.


LaTeX Warning: Command \cyro invalid in math mode on input line 547.


LaTeX Warning: Command \cyrs invalid in math mode on input line 547.


LaTeX Warning: Command \cyrt invalid in math mode on input line 547.


LaTeX Warning: Command \cyrsftsn invalid in math mode on input line 547.


LaTeX Warning: Command \cyro invalid in math mode on input line 547.


LaTeX Warning: Command \cyrsh invalid in math mode on input line 547.


LaTeX Warning: Command \cyri invalid in math mode on input line 547.


LaTeX Warning: Command \cyrb invalid in math mode on input line 547.


LaTeX Warning: Command \cyrk invalid in math mode on input line 547.


LaTeX Warning: Command \cyri invalid in math mode on input line 547.


LaTeX Warning: Command \cyrp invalid in math mode on input line 547.


LaTeX Warning: Command \cyre invalid in math mode on input line 547.


LaTeX Warning: Command \cyrr invalid in math mode on input line 547.


LaTeX Warning: Command \cyrv invalid in math mode on input line 547.


LaTeX Warning: Command \cyro invalid in math mode on input line 547.


LaTeX Warning: Command \cyrg invalid in math mode on input line 547.


LaTeX Warning: Command \cyro invalid in math mode on input line 547.


LaTeX Warning: Command \cyrr invalid in math mode on input line 547.


LaTeX Warning: Command \cyro invalid in math mode on input line 547.


LaTeX Warning: Command \cyrd invalid in math mode on input line 547.


LaTeX Warning: Command \cyra invalid in math mode on input line 547.

Missing character: There is no ‚ in font cmr12!
Missing character: There is no Â in font cmr12!
Missing character: There is no  in font cmr12!
Missing character: There is no Ó in font cmr12!
Missing character: There is no ˇ in font cmr12!
Missing character: There is no Ú in font cmr12!
Missing character: There is no Ì in font cmr12!
Missing character: There is no Ó in font cmr12!
Missing character: There is no Ò in font cmr12!
Missing character: There is no Ú in font cmr12!
Missing character: There is no ¸ in font cmr12!
Missing character: There is no Ó in font cmr12!
Missing character: There is no ¯ in font cmr12!
Missing character: There is no Ë in font cmr12!
Missing character: There is no · in font cmr12!
Missing character: There is no Í in font cmr12!
Missing character: There is no Ë in font cmr12!
Missing character: There is no Ô in font cmr12!
Missing character: There is no Â in font cmr12!
Missing character: There is no  in font cmr12!
Missing character: There is no ‚ in font cmr12!
Missing character: There is no Ó in font cmr12!
Missing character: There is no „ in font cmr12!
Missing character: There is no Ó in font cmr12!
Missing character: There is no  in font cmr12!
Missing character: There is no Ó in font cmr12!
Missing character: There is no ‰ in font cmr12!
Missing character: There is no ‡ in font cmr12!

LaTeX Warning: Command \cyrv invalid in math mode on input line 550.


LaTeX Warning: Command \cyre invalid in math mode on input line 550.


LaTeX Warning: Command \cyrr invalid in math mode on input line 550.


LaTeX Warning: Command \cyro invalid in math mode on input line 550.


LaTeX Warning: Command \cyrya invalid in math mode on input line 550.


LaTeX Warning: Command \cyrt invalid in math mode on input line 550.


LaTeX Warning: Command \cyrn invalid in math mode on input line 550.


LaTeX Warning: Command \cyro invalid in math mode on input line 550.


LaTeX Warning: Command \cyrs invalid in math mode on input line 550.


LaTeX Warning: Command \cyrt invalid in math mode on input line 550.


LaTeX Warning: Command \cyrsftsn invalid in math mode on input line 550.


LaTeX Warning: Command \cyro invalid in math mode on input line 550.


LaTeX Warning: Command \cyrsh invalid in math mode on input line 550.


LaTeX Warning: Command \cyri invalid in math mode on input line 550.


LaTeX Warning: Command \cyrb invalid in math mode on input line 550.


LaTeX Warning: Command \cyrk invalid in math mode on input line 550.


LaTeX Warning: Command \cyri invalid in math mode on input line 550.


LaTeX Warning: Command \cyrv invalid in math mode on input line 550.


LaTeX Warning: Command \cyrt invalid in math mode on input line 550.


LaTeX Warning: Command \cyro invalid in math mode on input line 550.


LaTeX Warning: Command \cyrr invalid in math mode on input line 550.


LaTeX Warning: Command \cyro invalid in math mode on input line 550.


LaTeX Warning: Command \cyrg invalid in math mode on input line 550.


LaTeX Warning: Command \cyro invalid in math mode on input line 550.


LaTeX Warning: Command \cyrr invalid in math mode on input line 550.


LaTeX Warning: Command \cyro invalid in math mode on input line 550.


LaTeX Warning: Command \cyrd invalid in math mode on input line 550.


LaTeX Warning: Command \cyra invalid in math mode on input line 550.

Missing character: There is no ‚ in font cmr12!
Missing character: There is no Â in font cmr12!
Missing character: There is no  in font cmr12!
Missing character: There is no Ó in font cmr12!
Missing character: There is no ˇ in font cmr12!
Missing character: There is no Ú in font cmr12!
Missing character: There is no Ì in font cmr12!
Missing character: There is no Ó in font cmr12!
Missing character: There is no Ò in font cmr12!
Missing character: There is no Ú in font cmr12!
Missing character: There is no ¸ in font cmr12!
Missing character: There is no Ó in font cmr12!
Missing character: There is no ¯ in font cmr12!
Missing character: There is no Ë in font cmr12!
Missing character: There is no · in font cmr12!
Missing character: There is no Í in font cmr12!
Missing character: There is no Ë in font cmr12!
Missing character: There is no ‚ in font cmr12!
Missing character: There is no Ú in font cmr12!
Missing character: There is no Ó in font cmr12!
Missing character: There is no  in font cmr12!
Missing character: There is no Ó in font cmr12!
Missing character: There is no „ in font cmr12!
Missing character: There is no Ó in font cmr12!
Missing character: There is no  in font cmr12!
Missing character: There is no Ó in font cmr12!
Missing character: There is no ‰ in font cmr12!
Missing character: There is no ‡ in font cmr12!
<lda.png, id=62, 462.528pt x 346.896pt>
File: lda.png Graphic file (type png)
 <use lda.png>
Package pdftex.def Info: lda.png used on input line 581.
(pdftex.def)             Requested size: 241.84843pt x 181.38736pt.
 [15 <D:/Study/5 –∫—É—Ä—Å/–ö–£–†–°–ê–ß –î–ò–ü–õ–û–ú/–î–∏–ø–ª–æ–º/lda.png>] [16]

<hist1.png, id=71, 462.528pt x 346.896pt>
File: hist1.png Graphic file (type png)
 <use hist1.png>
Package pdftex.def Info: hist1.png used on input line 611.
(pdftex.def)             Requested size: 241.84843pt x 181.38736pt.
 [17

] [18 <D:/Study/5 –∫—É—Ä—Å/–ö–£–†–°–ê–ß –î–ò–ü–õ–û–ú/–î–∏–ø–ª–æ–º/hist1.png>]
<h2_01.png, id=79, 481.8pt x 361.35pt>
File: h2_01.png Graphic file (type png)
 <use h2_01.png>
Package pdftex.def Info: h2_01.png used on input line 621.
(pdftex.def)             Requested size: 290.22107pt x 217.67181pt.

<h2_03.png, id=80, 462.528pt x 346.896pt>
File: h2_03.png Graphic file (type png)
 <use h2_03.png>
Package pdftex.def Info: h2_03.png used on input line 626.
(pdftex.def)             Requested size: 290.22107pt x 217.67754pt.

<h2_05.png, id=81, 481.8pt x 361.35pt>
File: h2_05.png Graphic file (type png)
 <use h2_05.png>
Package pdftex.def Info: h2_05.png used on input line 631.
(pdftex.def)             Requested size: 386.95897pt x 290.22725pt.


LaTeX Warning: `h' float specifier changed to `ht'.

<h2.png, id=82, 499.8675pt x 316.93407pt>
File: h2.png Graphic file (type png)
 <use h2.png>
Package pdftex.def Info: h2.png used on input line 636.
(pdftex.def)             Requested size: 386.95897pt x 245.35538pt.


LaTeX Warning: `h' float specifier changed to `ht'.

<h3_05.png, id=83, 462.528pt x 346.896pt>
File: h3_05.png Graphic file (type png)
 <use h3_05.png>
Package pdftex.def Info: h3_05.png used on input line 642.
(pdftex.def)             Requested size: 386.95897pt x 290.23143pt.


LaTeX Warning: `h' float specifier changed to `ht'.

<h3_03.png, id=84, 462.528pt x 346.896pt>
File: h3_03.png Graphic file (type png)
 <use h3_03.png>
Package pdftex.def Info: h3_03.png used on input line 647.
(pdftex.def)             Requested size: 386.95897pt x 290.23143pt.


LaTeX Warning: `h' float specifier changed to `ht'.

<h3_01.png, id=85, 462.528pt x 346.896pt>
File: h3_01.png Graphic file (type png)
 <use h3_01.png>
Package pdftex.def Info: h3_01.png used on input line 652.
(pdftex.def)             Requested size: 386.95897pt x 290.23143pt.


LaTeX Warning: `h' float specifier changed to `ht'.

<h3.png, id=86, 472.01344pt x 314.67563pt>
File: h3.png Graphic file (type png)
 <use h3.png>
Package pdftex.def Info: h3.png used on input line 657.
(pdftex.def)             Requested size: 386.95897pt x 257.97806pt.


LaTeX Warning: `h' float specifier changed to `ht'.

<h4_05.png, id=87, 462.528pt x 346.896pt>
File: h4_05.png Graphic file (type png)
 <use h4_05.png>
Package pdftex.def Info: h4_05.png used on input line 662.
(pdftex.def)             Requested size: 386.95897pt x 290.23143pt.


LaTeX Warning: `h' float specifier changed to `ht'.

<h4_03.png, id=88, 462.528pt x 346.896pt>
File: h4_03.png Graphic file (type png)
 <use h4_03.png>
Package pdftex.def Info: h4_03.png used on input line 667.
(pdftex.def)             Requested size: 386.95897pt x 290.23143pt.


LaTeX Warning: `h' float specifier changed to `ht'.

<h4_01.png, id=89, 462.528pt x 346.896pt>
File: h4_01.png Graphic file (type png)
 <use h4_01.png>
Package pdftex.def Info: h4_01.png used on input line 672.
(pdftex.def)             Requested size: 386.95897pt x 290.23143pt.


LaTeX Warning: `h' float specifier changed to `ht'.

<h4.png, id=90, 419.31656pt x 269.50688pt>
File: h4.png Graphic file (type png)
 <use h4.png>
Package pdftex.def Info: h4.png used on input line 677.
(pdftex.def)             Requested size: 386.95897pt x 248.71011pt.


LaTeX Warning: `h' float specifier changed to `ht'.

<h_l.png, id=91, 549.9747pt x 474.0912pt>
File: h_l.png Graphic file (type png)
 <use h_l.png>
Package pdftex.def Info: h_l.png used on input line 683.
(pdftex.def)             Requested size: 483.69687pt x 416.95558pt.


LaTeX Warning: `h' float specifier changed to `ht'.

[19

 <D:/Study/5 –∫—É—Ä—Å/–ö–£–†–°–ê–ß –î–ò–ü–õ–û–ú/–î–∏–ø–ª–æ–º/h2_01.png> <D:/Stu
dy/5 –∫—É—Ä—Å/–ö–£–†–°–ê–ß –î–ò–ü–õ–û–ú/–î–∏–ø–ª–æ–º/h2_03.png>] [20 <D:/Study/
5 –∫—É—Ä—Å/–ö–£–†–°–ê–ß –î–ò–ü–õ–û–ú/–î–∏–ø–ª–æ–º/h2_05.png> <D:/Study/5 –∫—É—Ä
—Å/–ö–£–†–°–ê–ß –î–ò–ü–õ–û–ú/–î–∏–ø–ª–æ–º/h2.png>] [21 <D:/Study/5 –∫—É—Ä—Å/–ö–
£–†–°–ê–ß –î–ò–ü–õ–û–ú/–î–∏–ø–ª–æ–º/h3_05.png> <D:/Study/5 –∫—É—Ä—Å/–ö–£–†–°–ê–
ß –î–ò–ü–õ–û–ú/–î–∏–ø–ª–æ–º/h3_03.png>] [22 <D:/Study/5 –∫—É—Ä—Å/–ö–£–†–°–ê–ß –
î–ò–ü–õ–û–ú/–î–∏–ø–ª–æ–º/h3_01.png> <D:/Study/5 –∫—É—Ä—Å/–ö–£–†–°–ê–ß –î–ò–ü–õ–
û–ú/–î–∏–ø–ª–æ–º/h3.png>] [23 <D:/Study/5 –∫—É—Ä—Å/–ö–£–†–°–ê–ß –î–ò–ü–õ–û–ú/–î
–∏–ø–ª–æ–º/h4_05.png> <D:/Study/5 –∫—É—Ä—Å/–ö–£–†–°–ê–ß –î–ò–ü–õ–û–ú/–î–∏–ø–ª–æ
–º/h4_03.png>] [24 <D:/Study/5 –∫—É—Ä—Å/–ö–£–†–°–ê–ß –î–ò–ü–õ–û–ú/–î–∏–ø–ª–æ–º/
h4_01.png> <D:/Study/5 –∫—É—Ä—Å/–ö–£–†–°–ê–ß –î–ò–ü–õ–û–ú/–î–∏–ø–ª–æ–º/h4.png>]
 [25 <D:/Study/5 –∫—É—Ä—Å/–ö–£–†–°–ê–ß –î–ò–ü–õ–û–ú/–î–∏–ø–ª–æ–º/h_l.png>]
[26

] ("D:\Study\5 –∫—É—Ä—Å\–ö–£–†–°–ê–ß –î–ò–ü–õ–û–ú\–î–∏–ø–ª–æ–º\diploma.aux") ) 
Here is how much of TeX's memory you used:
 3981 strings out of 493921
 47626 string characters out of 3147279
 126861 words of memory out of 3000000
 7187 multiletter control sequences out of 15000+200000
 14789 words of font info for 40 fonts, out of 3000000 for 9000
 841 hyphenation exceptions out of 8191
 27i,12n,26p,2347b,266s stack positions out of 5000i,500n,10000p,200000b,50000s
 
<C:\Users\Andrey\AppData\Local\MiKTeX\2.9\fonts\pk\ljfour\lh\lh-t2a\dpi600\lati
1200.pk> <C:\Users\Andrey\AppData\Local\MiKTeX\2.9\fonts\pk\ljfour\lh\lh-t2a\dp
i600\labx1200.pk> <C:\Users\Andrey\AppData\Local\MiKTeX\2.9\fonts\pk\ljfour\lh\
lh-t2a\dpi600\labx1728.pk> <C:\Users\Andrey\AppData\Local\MiKTeX\2.9\fonts\pk\l
jfour\lh\lh-t2a\dpi600\labx1440.pk> <C:\Users\Andrey\AppData\Local\MiKTeX\2.9\f
onts\pk\ljfour\unknown\unknown\dpi600\larm1200.pk><C:/Program Files/MiKTeX 2.9/
fonts/type1/public/amsfonts/cm/cmex10.pfb><C:/Program Files/MiKTeX 2.9/fonts/ty
pe1/public/amsfonts/cm/cmmi12.pfb><C:/Program Files/MiKTeX 2.9/fonts/type1/publ
ic/amsfonts/cm/cmmi6.pfb><C:/Program Files/MiKTeX 2.9/fonts/type1/public/amsfon
ts/cm/cmmi8.pfb><C:/Program Files/MiKTeX 2.9/fonts/type1/public/amsfonts/cm/cmr
12.pfb><C:/Program Files/MiKTeX 2.9/fonts/type1/public/amsfonts/cm/cmr6.pfb><C:
/Program Files/MiKTeX 2.9/fonts/type1/public/amsfonts/cm/cmr8.pfb><C:/Program F
iles/MiKTeX 2.9/fonts/type1/public/amsfonts/cm/cmsy10.pfb><C:/Program Files/MiK
TeX 2.9/fonts/type1/public/amsfonts/cm/cmsy6.pfb><C:/Program Files/MiKTeX 2.9/f
onts/type1/public/amsfonts/cm/cmsy8.pfb><C:/Program Files/MiKTeX 2.9/fonts/type
1/public/amsfonts/symbols/msam10.pfb>
Output written on diploma.pdf (26 pages, 554106 bytes).
PDF statistics:
 471 PDF objects out of 1000 (max. 8388607)
 0 named destinations out of 1000 (max. 500000)
 76 words of extra memory for PDF output out of 10000 (max. 10000000)

